/*C62*/SET SCHEMA PUBLIC
INSERT INTO SHOPPING_LIST_ITEMS_LIST VALUES(11,FALSE,'1 jajko')
INSERT INTO SHOPPING_LIST_ITEMS_LIST VALUES(11,FALSE,'0,4 kg sera twarogowego')
COMMIT
DELETE FROM SHOPPING_LIST_ITEMS_LIST WHERE SHOPPING_LIST_LID=11 AND BOUGHT=FALSE AND ITEM_NAME='1 jajko'
DELETE FROM SHOPPING_LIST_ITEMS_LIST WHERE SHOPPING_LIST_LID=11 AND BOUGHT=FALSE AND ITEM_NAME='0,4 kg sera twarogowego'
INSERT INTO SHOPPING_LIST_ITEMS_LIST VALUES(11,FALSE,'1 jajko')
INSERT INTO SHOPPING_LIST_ITEMS_LIST VALUES(11,FALSE,'0,4 kg sera twarogowego')
INSERT INTO SHOPPING_LIST_ITEMS_LIST VALUES(11,FALSE,'maka')
COMMIT
DELETE FROM SHOPPING_LIST_ITEMS_LIST WHERE SHOPPING_LIST_LID=11 AND BOUGHT=FALSE AND ITEM_NAME='1 jajko'
DELETE FROM SHOPPING_LIST_ITEMS_LIST WHERE SHOPPING_LIST_LID=11 AND BOUGHT=FALSE AND ITEM_NAME='0,4 kg sera twarogowego'
DELETE FROM SHOPPING_LIST_ITEMS_LIST WHERE SHOPPING_LIST_LID=11 AND BOUGHT=FALSE AND ITEM_NAME='maka'
INSERT INTO SHOPPING_LIST_ITEMS_LIST VALUES(11,FALSE,'1 jajko')
INSERT INTO SHOPPING_LIST_ITEMS_LIST VALUES(11,TRUE,'0,4 kg sera twarogowego')
INSERT INTO SHOPPING_LIST_ITEMS_LIST VALUES(11,FALSE,'maka')
COMMIT
DELETE FROM SHOPPING_LIST_ITEMS_LIST WHERE SHOPPING_LIST_LID=11 AND BOUGHT=FALSE AND ITEM_NAME='1 jajko'
DELETE FROM SHOPPING_LIST_ITEMS_LIST WHERE SHOPPING_LIST_LID=11 AND BOUGHT=TRUE AND ITEM_NAME='0,4 kg sera twarogowego'
DELETE FROM SHOPPING_LIST_ITEMS_LIST WHERE SHOPPING_LIST_LID=11 AND BOUGHT=FALSE AND ITEM_NAME='maka'
INSERT INTO SHOPPING_LIST_ITEMS_LIST VALUES(11,FALSE,'1 jajko')
INSERT INTO SHOPPING_LIST_ITEMS_LIST VALUES(11,TRUE,'0,4 kg sera twarogowego')
INSERT INTO SHOPPING_LIST_ITEMS_LIST VALUES(11,FALSE,'maka')
INSERT INTO SHOPPING_LIST_ITEMS_LIST VALUES(11,FALSE,'0,5 kg jablek')
COMMIT
DELETE FROM SHOPPING_LIST_ITEMS_LIST WHERE SHOPPING_LIST_LID=11 AND BOUGHT=FALSE AND ITEM_NAME='1 jajko'
DELETE FROM SHOPPING_LIST_ITEMS_LIST WHERE SHOPPING_LIST_LID=11 AND BOUGHT=TRUE AND ITEM_NAME='0,4 kg sera twarogowego'
DELETE FROM SHOPPING_LIST_ITEMS_LIST WHERE SHOPPING_LIST_LID=11 AND BOUGHT=FALSE AND ITEM_NAME='maka'
DELETE FROM SHOPPING_LIST_ITEMS_LIST WHERE SHOPPING_LIST_LID=11 AND BOUGHT=FALSE AND ITEM_NAME='0,5 kg jablek'
INSERT INTO SHOPPING_LIST_ITEMS_LIST VALUES(11,FALSE,'1 jajko')
INSERT INTO SHOPPING_LIST_ITEMS_LIST VALUES(11,TRUE,'0,4 kg sera twarogowego')
INSERT INTO SHOPPING_LIST_ITEMS_LIST VALUES(11,FALSE,'maka')
INSERT INTO SHOPPING_LIST_ITEMS_LIST VALUES(11,FALSE,'0,5 kg jablek')
COMMIT
/*C63*/SET SCHEMA PUBLIC
DELETE FROM SHOPPING_LIST_ITEMS_LIST WHERE SHOPPING_LIST_LID=11 AND BOUGHT=FALSE AND ITEM_NAME='1 jajko'
DELETE FROM SHOPPING_LIST_ITEMS_LIST WHERE SHOPPING_LIST_LID=11 AND BOUGHT=TRUE AND ITEM_NAME='0,4 kg sera twarogowego'
DELETE FROM SHOPPING_LIST_ITEMS_LIST WHERE SHOPPING_LIST_LID=11 AND BOUGHT=FALSE AND ITEM_NAME='maka'
DELETE FROM SHOPPING_LIST_ITEMS_LIST WHERE SHOPPING_LIST_LID=11 AND BOUGHT=FALSE AND ITEM_NAME='0,5 kg jablek'
INSERT INTO SHOPPING_LIST_ITEMS_LIST VALUES(11,FALSE,'1 jajko')
INSERT INTO SHOPPING_LIST_ITEMS_LIST VALUES(11,TRUE,'0,4 kg sera twarogowego')
INSERT INTO SHOPPING_LIST_ITEMS_LIST VALUES(11,TRUE,'maka')
INSERT INTO SHOPPING_LIST_ITEMS_LIST VALUES(11,FALSE,'0,5 kg jablek')
COMMIT
/*C62*/DELETE FROM SHOPPING_LIST_ITEMS_LIST WHERE SHOPPING_LIST_LID=11 AND BOUGHT=FALSE AND ITEM_NAME='1 jajko'
DELETE FROM SHOPPING_LIST_ITEMS_LIST WHERE SHOPPING_LIST_LID=11 AND BOUGHT=TRUE AND ITEM_NAME='0,4 kg sera twarogowego'
DELETE FROM SHOPPING_LIST_ITEMS_LIST WHERE SHOPPING_LIST_LID=11 AND BOUGHT=TRUE AND ITEM_NAME='maka'
DELETE FROM SHOPPING_LIST_ITEMS_LIST WHERE SHOPPING_LIST_LID=11 AND BOUGHT=FALSE AND ITEM_NAME='0,5 kg jablek'
INSERT INTO SHOPPING_LIST_ITEMS_LIST VALUES(11,FALSE,'1 jajko')
INSERT INTO SHOPPING_LIST_ITEMS_LIST VALUES(11,TRUE,'0,4 kg sera twarogowego')
INSERT INTO SHOPPING_LIST_ITEMS_LIST VALUES(11,TRUE,'maka')
INSERT INTO SHOPPING_LIST_ITEMS_LIST VALUES(11,FALSE,'0,5 kg jablek')
INSERT INTO SHOPPING_LIST_ITEMS_LIST VALUES(11,FALSE,'0,3 l mleka')
INSERT INTO SHOPPING_LIST_ITEMS_LIST VALUES(11,FALSE,'0,5 szkl. maki')
COMMIT
DELETE FROM SHOPPING_LIST_ITEMS_LIST WHERE SHOPPING_LIST_LID=11 AND BOUGHT=FALSE AND ITEM_NAME='1 jajko'
DELETE FROM SHOPPING_LIST_ITEMS_LIST WHERE SHOPPING_LIST_LID=11 AND BOUGHT=TRUE AND ITEM_NAME='0,4 kg sera twarogowego'
DELETE FROM SHOPPING_LIST_ITEMS_LIST WHERE SHOPPING_LIST_LID=11 AND BOUGHT=TRUE AND ITEM_NAME='maka'
DELETE FROM SHOPPING_LIST_ITEMS_LIST WHERE SHOPPING_LIST_LID=11 AND BOUGHT=FALSE AND ITEM_NAME='0,5 kg jablek'
DELETE FROM SHOPPING_LIST_ITEMS_LIST WHERE SHOPPING_LIST_LID=11 AND BOUGHT=FALSE AND ITEM_NAME='0,3 l mleka'
DELETE FROM SHOPPING_LIST_ITEMS_LIST WHERE SHOPPING_LIST_LID=11 AND BOUGHT=FALSE AND ITEM_NAME='0,5 szkl. maki'
INSERT INTO SHOPPING_LIST_ITEMS_LIST VALUES(11,FALSE,'1 jajko')
INSERT INTO SHOPPING_LIST_ITEMS_LIST VALUES(11,TRUE,'0,4 kg sera twarogowego')
INSERT INTO SHOPPING_LIST_ITEMS_LIST VALUES(11,TRUE,'maka')
INSERT INTO SHOPPING_LIST_ITEMS_LIST VALUES(11,TRUE,'0,5 kg jablek')
INSERT INTO SHOPPING_LIST_ITEMS_LIST VALUES(11,TRUE,'0,3 l mleka')
INSERT INTO SHOPPING_LIST_ITEMS_LIST VALUES(11,TRUE,'0,5 szkl. maki')
COMMIT
DELETE FROM SHOPPING_LIST_ITEMS_LIST WHERE SHOPPING_LIST_LID=11 AND BOUGHT=FALSE AND ITEM_NAME='1 jajko'
DELETE FROM SHOPPING_LIST_ITEMS_LIST WHERE SHOPPING_LIST_LID=11 AND BOUGHT=TRUE AND ITEM_NAME='0,4 kg sera twarogowego'
DELETE FROM SHOPPING_LIST_ITEMS_LIST WHERE SHOPPING_LIST_LID=11 AND BOUGHT=TRUE AND ITEM_NAME='maka'
DELETE FROM SHOPPING_LIST_ITEMS_LIST WHERE SHOPPING_LIST_LID=11 AND BOUGHT=TRUE AND ITEM_NAME='0,5 kg jablek'
DELETE FROM SHOPPING_LIST_ITEMS_LIST WHERE SHOPPING_LIST_LID=11 AND BOUGHT=TRUE AND ITEM_NAME='0,3 l mleka'
DELETE FROM SHOPPING_LIST_ITEMS_LIST WHERE SHOPPING_LIST_LID=11 AND BOUGHT=TRUE AND ITEM_NAME='0,5 szkl. maki'
INSERT INTO SHOPPING_LIST_ITEMS_LIST VALUES(11,FALSE,'1 jajko')
INSERT INTO SHOPPING_LIST_ITEMS_LIST VALUES(11,FALSE,'0,4 kg sera twarogowego')
INSERT INTO SHOPPING_LIST_ITEMS_LIST VALUES(11,FALSE,'maka')
INSERT INTO SHOPPING_LIST_ITEMS_LIST VALUES(11,FALSE,'0,5 kg jablek')
INSERT INTO SHOPPING_LIST_ITEMS_LIST VALUES(11,TRUE,'0,3 l mleka')
INSERT INTO SHOPPING_LIST_ITEMS_LIST VALUES(11,TRUE,'0,5 szkl. maki')
COMMIT
